<?xml version="1.0" encoding="UTF-8"?>
<!-- Generated by org.testng.reporters.JUnitReportReporter -->
<testsuite hostname="TYP-Dinesh-Ghodke" failures="0" tests="1" name="practice_screenshot.SampleScreenshotTest" time="26.394" errors="0" timestamp="2025-05-12T13:15:36 IST" skipped="0">
  <testcase classname="practice_screenshot.SampleScreenshotTest" name="SampleSS" time="26.394"/>
</testsuite> <!-- practice_screenshot.SampleScreenshotTest -->
