<?xml version="1.0" encoding="UTF-8"?>
<!-- Generated by org.testng.reporters.JUnitReportReporter -->
<testsuite hostname="TYP-Dinesh-Ghodke" failures="0" tests="2" name="practice_testng_annotations.Practice_ConfigurationsAnnotationsTest" time="0.022" errors="0" timestamp="2025-05-08T09:59:36 IST" skipped="0">
  <testcase classname="practice_testng_annotations.Practice_ConfigurationsAnnotationsTest" name="Sample2Test" time="0.006"/>
  <testcase classname="practice_testng_annotations.Practice_ConfigurationsAnnotationsTest" name="Sample1Test" time="0.016"/>
</testsuite> <!-- practice_testng_annotations.Practice_ConfigurationsAnnotationsTest -->
