<?xml version="1.0" encoding="UTF-8"?>
<!-- Generated by org.testng.reporters.JUnitReportReporter -->
<testsuite hostname="TYP-Dinesh-Ghodke" failures="0" tests="1" name="practice_pom_repository.SampleTestWithPOM" time="2.802" errors="0" timestamp="2025-05-05T11:13:51 IST" skipped="0">
  <testcase classname="practice_pom_repository.SampleTestWithPOM" name="Sampletest" time="2.802"/>
</testsuite> <!-- practice_pom_repository.SampleTestWithPOM -->
