<?xml version="1.0" encoding="UTF-8"?>
<!-- Generated by org.testng.reporters.JUnitReportReporter -->
<testsuite hostname="TYP-Dinesh-Ghodke" failures="0" tests="2" name="practice_test.SampleReports" time="0.083" errors="0" timestamp="2025-05-13T12:33:26 IST" skipped="0">
  <testcase classname="practice_test.SampleReports" name="createContact" time="0.078"/>
  <testcase classname="practice_test.SampleReports" name="createContactWithPhone" time="0.005"/>
</testsuite> <!-- practice_test.SampleReports -->
