<?xml version="1.0" encoding="UTF-8"?>
<!-- Generated by org.testng.reporters.JUnitReportReporter -->
<testsuite hostname="TYP-Dinesh-Ghodke" failures="0" tests="1" name="practice_datadriven_testing.Read_the_commondata_from_JsonfileTest" time="91.397" errors="0" timestamp="2025-04-23T11:28:00 IST" skipped="0">
  <testcase classname="practice_datadriven_testing.Read_the_commondata_from_JsonfileTest" name="readdata" time="91.397"/>
</testsuite> <!-- practice_datadriven_testing.Read_the_commondata_from_JsonfileTest -->
