<?xml version="1.0" encoding="UTF-8"?>
<!-- Generated by org.testng.reporters.JUnitReportReporter -->
<testsuite hostname="TYP-Dinesh-Ghodke" failures="0" tests="3" name="DWS_LoginTest" time="18.188" errors="0" timestamp="2025-04-17T14:25:28 IST" skipped="0">
  <testcase classname="DWS_LoginTest" name="logintest" time="6.037"/>
  <testcase classname="DWS_LoginTest" name="logintest" time="6.739"/>
  <testcase classname="DWS_LoginTest" name="logintest" time="5.412"/>
</testsuite> <!-- DWS_LoginTest -->
