<?xml version="1.0" encoding="UTF-8"?>
<!-- Generated by org.testng.reporters.JUnitReportReporter -->
<testsuite hostname="TYP-Dinesh-Ghodke" failures="0" tests="1" name="Login_PropertyFileTest" time="8.880" errors="0" timestamp="2025-04-17T16:38:01 IST" skipped="0">
  <testcase classname="Login_PropertyFileTest" name="logintc" time="8.880"/>
</testsuite> <!-- Login_PropertyFileTest -->
