<?xml version="1.0" encoding="UTF-8"?>
<!-- Generated by org.testng.reporters.JUnitReportReporter -->
<testsuite hostname="TYP-Dinesh-Ghodke" failures="0" tests="3" name="DWS_RegisterTest" time="30.366" errors="0" timestamp="2025-04-17T13:04:16 IST" skipped="0">
  <testcase classname="DWS_RegisterTest" name="register" time="7.853"/>
  <testcase classname="DWS_RegisterTest" name="register" time="13.767"/>
  <testcase classname="DWS_RegisterTest" name="register" time="8.746"/>
</testsuite> <!-- DWS_RegisterTest -->
