<?xml version="1.0" encoding="UTF-8"?>
<!-- Generated by org.testng.reporters.JUnitReportReporter -->
<testsuite hostname="TYP-Dinesh-Ghodke" failures="0" tests="1" name="Working_with_ExelFile" time="0.495" errors="0" timestamp="2025-04-17T11:29:56 IST" skipped="0">
  <testcase classname="Working_with_ExelFile" name="demo" time="0.495"/>
</testsuite> <!-- Working_with_ExelFile -->
